
2019-01-31 20:29:25
[ERROR]-[Thread: XNIO-1 task-30]-[io.undertow.servlet.api.LoggingExceptionHandler.handleThrowable()]: UT005023: Exception handling request to /admin/account/update
java.lang.ExceptionInInitializerError
	at com.moshi._admin.account.AccountUpdateValidator.validate(AccountUpdateValidator.java:21)
	at com.jfinal.validate.Validator.intercept(Validator.java:77)
	at com.jfinal.aop.Invocation.invoke(Invocation.java:69)
	at com.moshi._admin.auth.AdminAuthInterceptor.intercept(AdminAuthInterceptor.java:50)
	at com.jfinal.aop.Invocation.invoke(Invocation.java:69)
	at com.moshi.common.interceptor.LoginSessionInterceptor.intercept(LoginSessionInterceptor.java:36)
	at com.jfinal.aop.Invocation.invoke(Invocation.java:69)
	at io.jboot.web.fixedinterceptor.FixedInvocation.invoke(FixedInvocation.java:46)
	at io.jboot.support.metric.JbootMetricInterceptor.intercept(JbootMetricInterceptor.java:40)
	at io.jboot.web.fixedinterceptor.FixedInvocation.invoke(FixedInvocation.java:44)
	at io.jboot.support.shiro.JbootShiroInterceptor.intercept(JbootShiroInterceptor.java:33)
	at io.jboot.web.fixedinterceptor.FixedInvocation.invoke(FixedInvocation.java:44)
	at io.jboot.support.jwt.JwtInterceptor.intercept(JwtInterceptor.java:49)
	at io.jboot.web.fixedinterceptor.FixedInvocation.invoke(FixedInvocation.java:44)
	at io.jboot.web.validate.ParaValidateInterceptor.intercept(ParaValidateInterceptor.java:54)
	at io.jboot.web.fixedinterceptor.FixedInvocation.invoke(FixedInvocation.java:44)
	at io.jboot.web.cors.CORSInterceptor.intercept(CORSInterceptor.java:56)
	at io.jboot.web.fixedinterceptor.FixedInvocation.invoke(FixedInvocation.java:44)
	at io.jboot.web.handler.JbootActionHandler.invokeInvocation(JbootActionHandler.java:185)
	at io.jboot.web.handler.JbootActionHandler.handle(JbootActionHandler.java:88)
	at io.jboot.web.handler.JbootHandler.doHandle(JbootHandler.java:54)
	at io.jboot.web.handler.JbootHandler.handle(JbootHandler.java:42)
	at io.jboot.web.cache.ActionCacheHandler.handle(ActionCacheHandler.java:64)
	at io.jboot.web.handler.JbootFilterHandler.handle(JbootFilterHandler.java:45)
	at com.jfinal.core.JFinalFilter.doFilter(JFinalFilter.java:86)
	at io.undertow.servlet.core.ManagedFilter.doFilter(ManagedFilter.java:61)
	at io.undertow.servlet.handlers.FilterHandler$FilterChainImpl.doFilter(FilterHandler.java:131)
	at io.undertow.servlet.handlers.FilterHandler.handleRequest(FilterHandler.java:84)
	at io.undertow.servlet.handlers.security.ServletSecurityRoleHandler.handleRequest(ServletSecurityRoleHandler.java:62)
	at io.undertow.servlet.handlers.ServletChain$1.handleRequest(ServletChain.java:68)
	at io.undertow.servlet.handlers.ServletDispatchingHandler.handleRequest(ServletDispatchingHandler.java:36)
	at io.undertow.servlet.handlers.security.SSLInformationAssociationHandler.handleRequest(SSLInformationAssociationHandler.java:132)
	at io.undertow.servlet.handlers.security.ServletAuthenticationCallHandler.handleRequest(ServletAuthenticationCallHandler.java:57)
	at io.undertow.server.handlers.PredicateHandler.handleRequest(PredicateHandler.java:43)
	at io.undertow.security.handlers.AbstractConfidentialityHandler.handleRequest(AbstractConfidentialityHandler.java:46)
	at io.undertow.servlet.handlers.security.ServletConfidentialityConstraintHandler.handleRequest(ServletConfidentialityConstraintHandler.java:64)
	at io.undertow.security.handlers.AuthenticationMechanismsHandler.handleRequest(AuthenticationMechanismsHandler.java:60)
	at io.undertow.servlet.handlers.security.CachedAuthenticatedSessionHandler.handleRequest(CachedAuthenticatedSessionHandler.java:77)
	at io.undertow.security.handlers.AbstractSecurityContextAssociationHandler.handleRequest(AbstractSecurityContextAssociationHandler.java:43)
	at io.undertow.server.handlers.PredicateHandler.handleRequest(PredicateHandler.java:43)
	at io.undertow.server.handlers.PredicateHandler.handleRequest(PredicateHandler.java:43)
	at io.undertow.servlet.handlers.SessionRestoringHandler.handleRequest(SessionRestoringHandler.java:119)
	at io.undertow.servlet.handlers.ServletInitialHandler.handleFirstRequest(ServletInitialHandler.java:292)
	at io.undertow.servlet.handlers.ServletInitialHandler.access$100(ServletInitialHandler.java:81)
	at io.undertow.servlet.handlers.ServletInitialHandler$2.call(ServletInitialHandler.java:138)
	at io.undertow.servlet.handlers.ServletInitialHandler$2.call(ServletInitialHandler.java:135)
	at io.undertow.servlet.core.ServletRequestContextThreadSetupAction$1.call(ServletRequestContextThreadSetupAction.java:48)
	at io.undertow.servlet.core.ContextClassLoaderSetupAction$1.call(ContextClassLoaderSetupAction.java:43)
	at io.undertow.servlet.handlers.ServletInitialHandler.dispatchRequest(ServletInitialHandler.java:272)
	at io.undertow.servlet.handlers.ServletInitialHandler.access$000(ServletInitialHandler.java:81)
	at io.undertow.servlet.handlers.ServletInitialHandler$1.handleRequest(ServletInitialHandler.java:104)
	at io.undertow.server.Connectors.executeRootHandler(Connectors.java:360)
	at io.undertow.server.HttpServerExchange$1.run(HttpServerExchange.java:830)
	at java.util.concurrent.ThreadPoolExecutor.runWorker(ThreadPoolExecutor.java:1149)
	at java.util.concurrent.ThreadPoolExecutor$Worker.run(ThreadPoolExecutor.java:624)
	at java.lang.Thread.run(Thread.java:748)
Caused by: com.jfinal.plugin.activerecord.ActiveRecordException: com.mysql.jdbc.exceptions.jdbc4.MySQLSyntaxErrorException: Table 'moshi.sensitive_words' doesn't exist
	at com.jfinal.plugin.activerecord.DbPro.find(DbPro.java:345)
	at io.jboot.db.dbpro.JbootDbPro.find(JbootDbPro.java:42)
	at com.jfinal.plugin.activerecord.DbPro.find(DbPro.java:356)
	at com.jfinal.plugin.activerecord.Db.find(Db.java:279)
	at com.moshi.common.kit.SensitiveWordsKit.build(SensitiveWordsKit.java:32)
	at com.moshi.common.kit.SensitiveWordsKit.<clinit>(SensitiveWordsKit.java:28)
	... 56 more
Caused by: com.mysql.jdbc.exceptions.jdbc4.MySQLSyntaxErrorException: Table 'moshi.sensitive_words' doesn't exist
	at sun.reflect.NativeConstructorAccessorImpl.newInstance0(Native Method)
	at sun.reflect.NativeConstructorAccessorImpl.newInstance(NativeConstructorAccessorImpl.java:62)
	at sun.reflect.DelegatingConstructorAccessorImpl.newInstance(DelegatingConstructorAccessorImpl.java:45)
	at java.lang.reflect.Constructor.newInstance(Constructor.java:423)
	at com.mysql.jdbc.Util.handleNewInstance(Util.java:425)
	at com.mysql.jdbc.Util.getInstance(Util.java:408)
	at com.mysql.jdbc.SQLError.createSQLException(SQLError.java:944)
	at com.mysql.jdbc.MysqlIO.checkErrorPacket(MysqlIO.java:3976)
	at com.mysql.jdbc.MysqlIO.checkErrorPacket(MysqlIO.java:3912)
	at com.mysql.jdbc.MysqlIO.sendCommand(MysqlIO.java:2530)
	at com.mysql.jdbc.MysqlIO.sqlQueryDirect(MysqlIO.java:2683)
	at com.mysql.jdbc.ConnectionImpl.execSQL(ConnectionImpl.java:2486)
	at com.mysql.jdbc.PreparedStatement.executeInternal(PreparedStatement.java:1858)
	at com.mysql.jdbc.PreparedStatement.executeQuery(PreparedStatement.java:1966)
	at com.zaxxer.hikari.pool.ProxyPreparedStatement.executeQuery(ProxyPreparedStatement.java:52)
	at com.zaxxer.hikari.pool.HikariProxyPreparedStatement.executeQuery(HikariProxyPreparedStatement.java)
	at com.jfinal.plugin.activerecord.DbPro.find(DbPro.java:330)
	at com.jfinal.plugin.activerecord.DbPro.find(DbPro.java:343)
	... 61 more

2019-01-31 20:36:09
[ERROR]-[Thread: XNIO-1 task-2]-[io.undertow.servlet.api.LoggingExceptionHandler.handleThrowable()]: UT005023: Exception handling request to /admin/account/update
java.lang.ExceptionInInitializerError
	at com.moshi._admin.account.AccountUpdateValidator.validate(AccountUpdateValidator.java:21)
	at com.jfinal.validate.Validator.intercept(Validator.java:77)
	at com.jfinal.aop.Invocation.invoke(Invocation.java:69)
	at com.moshi._admin.auth.AdminAuthInterceptor.intercept(AdminAuthInterceptor.java:50)
	at com.jfinal.aop.Invocation.invoke(Invocation.java:69)
	at com.moshi.common.interceptor.LoginSessionInterceptor.intercept(LoginSessionInterceptor.java:36)
	at com.jfinal.aop.Invocation.invoke(Invocation.java:69)
	at io.jboot.web.fixedinterceptor.FixedInvocation.invoke(FixedInvocation.java:46)
	at io.jboot.support.metric.JbootMetricInterceptor.intercept(JbootMetricInterceptor.java:40)
	at io.jboot.web.fixedinterceptor.FixedInvocation.invoke(FixedInvocation.java:44)
	at io.jboot.support.shiro.JbootShiroInterceptor.intercept(JbootShiroInterceptor.java:33)
	at io.jboot.web.fixedinterceptor.FixedInvocation.invoke(FixedInvocation.java:44)
	at io.jboot.support.jwt.JwtInterceptor.intercept(JwtInterceptor.java:49)
	at io.jboot.web.fixedinterceptor.FixedInvocation.invoke(FixedInvocation.java:44)
	at io.jboot.web.validate.ParaValidateInterceptor.intercept(ParaValidateInterceptor.java:54)
	at io.jboot.web.fixedinterceptor.FixedInvocation.invoke(FixedInvocation.java:44)
	at io.jboot.web.cors.CORSInterceptor.intercept(CORSInterceptor.java:56)
	at io.jboot.web.fixedinterceptor.FixedInvocation.invoke(FixedInvocation.java:44)
	at io.jboot.web.handler.JbootActionHandler.invokeInvocation(JbootActionHandler.java:185)
	at io.jboot.web.handler.JbootActionHandler.handle(JbootActionHandler.java:88)
	at io.jboot.web.handler.JbootHandler.doHandle(JbootHandler.java:54)
	at io.jboot.web.handler.JbootHandler.handle(JbootHandler.java:42)
	at io.jboot.web.cache.ActionCacheHandler.handle(ActionCacheHandler.java:64)
	at io.jboot.web.handler.JbootFilterHandler.handle(JbootFilterHandler.java:45)
	at com.jfinal.core.JFinalFilter.doFilter(JFinalFilter.java:86)
	at io.undertow.servlet.core.ManagedFilter.doFilter(ManagedFilter.java:61)
	at io.undertow.servlet.handlers.FilterHandler$FilterChainImpl.doFilter(FilterHandler.java:131)
	at io.undertow.servlet.handlers.FilterHandler.handleRequest(FilterHandler.java:84)
	at io.undertow.servlet.handlers.security.ServletSecurityRoleHandler.handleRequest(ServletSecurityRoleHandler.java:62)
	at io.undertow.servlet.handlers.ServletChain$1.handleRequest(ServletChain.java:68)
	at io.undertow.servlet.handlers.ServletDispatchingHandler.handleRequest(ServletDispatchingHandler.java:36)
	at io.undertow.servlet.handlers.security.SSLInformationAssociationHandler.handleRequest(SSLInformationAssociationHandler.java:132)
	at io.undertow.servlet.handlers.security.ServletAuthenticationCallHandler.handleRequest(ServletAuthenticationCallHandler.java:57)
	at io.undertow.server.handlers.PredicateHandler.handleRequest(PredicateHandler.java:43)
	at io.undertow.security.handlers.AbstractConfidentialityHandler.handleRequest(AbstractConfidentialityHandler.java:46)
	at io.undertow.servlet.handlers.security.ServletConfidentialityConstraintHandler.handleRequest(ServletConfidentialityConstraintHandler.java:64)
	at io.undertow.security.handlers.AuthenticationMechanismsHandler.handleRequest(AuthenticationMechanismsHandler.java:60)
	at io.undertow.servlet.handlers.security.CachedAuthenticatedSessionHandler.handleRequest(CachedAuthenticatedSessionHandler.java:77)
	at io.undertow.security.handlers.AbstractSecurityContextAssociationHandler.handleRequest(AbstractSecurityContextAssociationHandler.java:43)
	at io.undertow.server.handlers.PredicateHandler.handleRequest(PredicateHandler.java:43)
	at io.undertow.server.handlers.PredicateHandler.handleRequest(PredicateHandler.java:43)
	at io.undertow.servlet.handlers.SessionRestoringHandler.handleRequest(SessionRestoringHandler.java:119)
	at io.undertow.servlet.handlers.ServletInitialHandler.handleFirstRequest(ServletInitialHandler.java:292)
	at io.undertow.servlet.handlers.ServletInitialHandler.access$100(ServletInitialHandler.java:81)
	at io.undertow.servlet.handlers.ServletInitialHandler$2.call(ServletInitialHandler.java:138)
	at io.undertow.servlet.handlers.ServletInitialHandler$2.call(ServletInitialHandler.java:135)
	at io.undertow.servlet.core.ServletRequestContextThreadSetupAction$1.call(ServletRequestContextThreadSetupAction.java:48)
	at io.undertow.servlet.core.ContextClassLoaderSetupAction$1.call(ContextClassLoaderSetupAction.java:43)
	at io.undertow.servlet.handlers.ServletInitialHandler.dispatchRequest(ServletInitialHandler.java:272)
	at io.undertow.servlet.handlers.ServletInitialHandler.access$000(ServletInitialHandler.java:81)
	at io.undertow.servlet.handlers.ServletInitialHandler$1.handleRequest(ServletInitialHandler.java:104)
	at io.undertow.server.Connectors.executeRootHandler(Connectors.java:360)
	at io.undertow.server.HttpServerExchange$1.run(HttpServerExchange.java:830)
	at java.util.concurrent.ThreadPoolExecutor.runWorker(ThreadPoolExecutor.java:1149)
	at java.util.concurrent.ThreadPoolExecutor$Worker.run(ThreadPoolExecutor.java:624)
	at java.lang.Thread.run(Thread.java:748)
Caused by: com.jfinal.plugin.activerecord.ActiveRecordException: com.mysql.jdbc.exceptions.jdbc4.MySQLSyntaxErrorException: Table 'moshi.sensitive_words' doesn't exist
	at com.jfinal.plugin.activerecord.DbPro.find(DbPro.java:345)
	at io.jboot.db.dbpro.JbootDbPro.find(JbootDbPro.java:42)
	at com.jfinal.plugin.activerecord.DbPro.find(DbPro.java:356)
	at com.jfinal.plugin.activerecord.Db.find(Db.java:279)
	at com.moshi.common.kit.SensitiveWordsKit.build(SensitiveWordsKit.java:32)
	at com.moshi.common.kit.SensitiveWordsKit.<clinit>(SensitiveWordsKit.java:28)
	... 56 more
Caused by: com.mysql.jdbc.exceptions.jdbc4.MySQLSyntaxErrorException: Table 'moshi.sensitive_words' doesn't exist
	at sun.reflect.NativeConstructorAccessorImpl.newInstance0(Native Method)
	at sun.reflect.NativeConstructorAccessorImpl.newInstance(NativeConstructorAccessorImpl.java:62)
	at sun.reflect.DelegatingConstructorAccessorImpl.newInstance(DelegatingConstructorAccessorImpl.java:45)
	at java.lang.reflect.Constructor.newInstance(Constructor.java:423)
	at com.mysql.jdbc.Util.handleNewInstance(Util.java:425)
	at com.mysql.jdbc.Util.getInstance(Util.java:408)
	at com.mysql.jdbc.SQLError.createSQLException(SQLError.java:944)
	at com.mysql.jdbc.MysqlIO.checkErrorPacket(MysqlIO.java:3976)
	at com.mysql.jdbc.MysqlIO.checkErrorPacket(MysqlIO.java:3912)
	at com.mysql.jdbc.MysqlIO.sendCommand(MysqlIO.java:2530)
	at com.mysql.jdbc.MysqlIO.sqlQueryDirect(MysqlIO.java:2683)
	at com.mysql.jdbc.ConnectionImpl.execSQL(ConnectionImpl.java:2486)
	at com.mysql.jdbc.PreparedStatement.executeInternal(PreparedStatement.java:1858)
	at com.mysql.jdbc.PreparedStatement.executeQuery(PreparedStatement.java:1966)
	at com.zaxxer.hikari.pool.ProxyPreparedStatement.executeQuery(ProxyPreparedStatement.java:52)
	at com.zaxxer.hikari.pool.HikariProxyPreparedStatement.executeQuery(HikariProxyPreparedStatement.java)
	at com.jfinal.plugin.activerecord.DbPro.find(DbPro.java:330)
	at com.jfinal.plugin.activerecord.DbPro.find(DbPro.java:343)
	... 61 more

2019-01-31 20:44:51
[ERROR]-[Thread: XNIO-1 task-13]-[io.undertow.servlet.api.LoggingExceptionHandler.handleThrowable()]: UT005023: Exception handling request to /admin/account/update
java.lang.NoClassDefFoundError: Could not initialize class com.moshi.common.kit.SensitiveWordsKit
	at com.moshi._admin.account.AccountUpdateValidator.validate(AccountUpdateValidator.java:21)
	at com.jfinal.validate.Validator.intercept(Validator.java:77)
	at com.jfinal.aop.Invocation.invoke(Invocation.java:69)
	at com.moshi._admin.auth.AdminAuthInterceptor.intercept(AdminAuthInterceptor.java:50)
	at com.jfinal.aop.Invocation.invoke(Invocation.java:69)
	at com.moshi.common.interceptor.LoginSessionInterceptor.intercept(LoginSessionInterceptor.java:36)
	at com.jfinal.aop.Invocation.invoke(Invocation.java:69)
	at io.jboot.web.fixedinterceptor.FixedInvocation.invoke(FixedInvocation.java:46)
	at io.jboot.support.metric.JbootMetricInterceptor.intercept(JbootMetricInterceptor.java:40)
	at io.jboot.web.fixedinterceptor.FixedInvocation.invoke(FixedInvocation.java:44)
	at io.jboot.support.shiro.JbootShiroInterceptor.intercept(JbootShiroInterceptor.java:33)
	at io.jboot.web.fixedinterceptor.FixedInvocation.invoke(FixedInvocation.java:44)
	at io.jboot.support.jwt.JwtInterceptor.intercept(JwtInterceptor.java:49)
	at io.jboot.web.fixedinterceptor.FixedInvocation.invoke(FixedInvocation.java:44)
	at io.jboot.web.validate.ParaValidateInterceptor.intercept(ParaValidateInterceptor.java:54)
	at io.jboot.web.fixedinterceptor.FixedInvocation.invoke(FixedInvocation.java:44)
	at io.jboot.web.cors.CORSInterceptor.intercept(CORSInterceptor.java:56)
	at io.jboot.web.fixedinterceptor.FixedInvocation.invoke(FixedInvocation.java:44)
	at io.jboot.web.handler.JbootActionHandler.invokeInvocation(JbootActionHandler.java:185)
	at io.jboot.web.handler.JbootActionHandler.handle(JbootActionHandler.java:88)
	at io.jboot.web.handler.JbootHandler.doHandle(JbootHandler.java:54)
	at io.jboot.web.handler.JbootHandler.handle(JbootHandler.java:42)
	at io.jboot.web.cache.ActionCacheHandler.handle(ActionCacheHandler.java:64)
	at io.jboot.web.handler.JbootFilterHandler.handle(JbootFilterHandler.java:45)
	at com.jfinal.core.JFinalFilter.doFilter(JFinalFilter.java:86)
	at io.undertow.servlet.core.ManagedFilter.doFilter(ManagedFilter.java:61)
	at io.undertow.servlet.handlers.FilterHandler$FilterChainImpl.doFilter(FilterHandler.java:131)
	at io.undertow.servlet.handlers.FilterHandler.handleRequest(FilterHandler.java:84)
	at io.undertow.servlet.handlers.security.ServletSecurityRoleHandler.handleRequest(ServletSecurityRoleHandler.java:62)
	at io.undertow.servlet.handlers.ServletChain$1.handleRequest(ServletChain.java:68)
	at io.undertow.servlet.handlers.ServletDispatchingHandler.handleRequest(ServletDispatchingHandler.java:36)
	at io.undertow.servlet.handlers.security.SSLInformationAssociationHandler.handleRequest(SSLInformationAssociationHandler.java:132)
	at io.undertow.servlet.handlers.security.ServletAuthenticationCallHandler.handleRequest(ServletAuthenticationCallHandler.java:57)
	at io.undertow.server.handlers.PredicateHandler.handleRequest(PredicateHandler.java:43)
	at io.undertow.security.handlers.AbstractConfidentialityHandler.handleRequest(AbstractConfidentialityHandler.java:46)
	at io.undertow.servlet.handlers.security.ServletConfidentialityConstraintHandler.handleRequest(ServletConfidentialityConstraintHandler.java:64)
	at io.undertow.security.handlers.AuthenticationMechanismsHandler.handleRequest(AuthenticationMechanismsHandler.java:60)
	at io.undertow.servlet.handlers.security.CachedAuthenticatedSessionHandler.handleRequest(CachedAuthenticatedSessionHandler.java:77)
	at io.undertow.security.handlers.AbstractSecurityContextAssociationHandler.handleRequest(AbstractSecurityContextAssociationHandler.java:43)
	at io.undertow.server.handlers.PredicateHandler.handleRequest(PredicateHandler.java:43)
	at io.undertow.server.handlers.PredicateHandler.handleRequest(PredicateHandler.java:43)
	at io.undertow.servlet.handlers.SessionRestoringHandler.handleRequest(SessionRestoringHandler.java:119)
	at io.undertow.servlet.handlers.ServletInitialHandler.handleFirstRequest(ServletInitialHandler.java:292)
	at io.undertow.servlet.handlers.ServletInitialHandler.access$100(ServletInitialHandler.java:81)
	at io.undertow.servlet.handlers.ServletInitialHandler$2.call(ServletInitialHandler.java:138)
	at io.undertow.servlet.handlers.ServletInitialHandler$2.call(ServletInitialHandler.java:135)
	at io.undertow.servlet.core.ServletRequestContextThreadSetupAction$1.call(ServletRequestContextThreadSetupAction.java:48)
	at io.undertow.servlet.core.ContextClassLoaderSetupAction$1.call(ContextClassLoaderSetupAction.java:43)
	at io.undertow.servlet.handlers.ServletInitialHandler.dispatchRequest(ServletInitialHandler.java:272)
	at io.undertow.servlet.handlers.ServletInitialHandler.access$000(ServletInitialHandler.java:81)
	at io.undertow.servlet.handlers.ServletInitialHandler$1.handleRequest(ServletInitialHandler.java:104)
	at io.undertow.server.Connectors.executeRootHandler(Connectors.java:360)
	at io.undertow.server.HttpServerExchange$1.run(HttpServerExchange.java:830)
	at java.util.concurrent.ThreadPoolExecutor.runWorker(ThreadPoolExecutor.java:1149)
	at java.util.concurrent.ThreadPoolExecutor$Worker.run(ThreadPoolExecutor.java:624)
	at java.lang.Thread.run(Thread.java:748)

2019-01-31 21:07:29
[ERROR]-[Thread: XNIO-2 task-6]-[io.undertow.servlet.api.LoggingExceptionHandler.handleThrowable()]: UT005023: Exception handling request to /admin/account/update
java.lang.ExceptionInInitializerError
	at com.moshi._admin.account.AccountUpdateValidator.validate(AccountUpdateValidator.java:21)
	at com.jfinal.validate.Validator.intercept(Validator.java:77)
	at com.jfinal.aop.Invocation.invoke(Invocation.java:69)
	at com.moshi._admin.auth.AdminAuthInterceptor.intercept(AdminAuthInterceptor.java:50)
	at com.jfinal.aop.Invocation.invoke(Invocation.java:69)
	at com.moshi.common.interceptor.LoginSessionInterceptor.intercept(LoginSessionInterceptor.java:36)
	at com.jfinal.aop.Invocation.invoke(Invocation.java:69)
	at io.jboot.web.fixedinterceptor.FixedInvocation.invoke(FixedInvocation.java:46)
	at io.jboot.support.metric.JbootMetricInterceptor.intercept(JbootMetricInterceptor.java:40)
	at io.jboot.web.fixedinterceptor.FixedInvocation.invoke(FixedInvocation.java:44)
	at io.jboot.support.shiro.JbootShiroInterceptor.intercept(JbootShiroInterceptor.java:33)
	at io.jboot.web.fixedinterceptor.FixedInvocation.invoke(FixedInvocation.java:44)
	at io.jboot.support.jwt.JwtInterceptor.intercept(JwtInterceptor.java:49)
	at io.jboot.web.fixedinterceptor.FixedInvocation.invoke(FixedInvocation.java:44)
	at io.jboot.web.validate.ParaValidateInterceptor.intercept(ParaValidateInterceptor.java:54)
	at io.jboot.web.fixedinterceptor.FixedInvocation.invoke(FixedInvocation.java:44)
	at io.jboot.web.cors.CORSInterceptor.intercept(CORSInterceptor.java:56)
	at io.jboot.web.fixedinterceptor.FixedInvocation.invoke(FixedInvocation.java:44)
	at io.jboot.web.handler.JbootActionHandler.invokeInvocation(JbootActionHandler.java:185)
	at io.jboot.web.handler.JbootActionHandler.handle(JbootActionHandler.java:88)
	at io.jboot.web.handler.JbootHandler.doHandle(JbootHandler.java:54)
	at io.jboot.web.handler.JbootHandler.handle(JbootHandler.java:42)
	at io.jboot.web.cache.ActionCacheHandler.handle(ActionCacheHandler.java:64)
	at io.jboot.web.handler.JbootFilterHandler.handle(JbootFilterHandler.java:45)
	at com.jfinal.core.JFinalFilter.doFilter(JFinalFilter.java:86)
	at io.undertow.servlet.core.ManagedFilter.doFilter(ManagedFilter.java:61)
	at io.undertow.servlet.handlers.FilterHandler$FilterChainImpl.doFilter(FilterHandler.java:131)
	at io.undertow.servlet.handlers.FilterHandler.handleRequest(FilterHandler.java:84)
	at io.undertow.servlet.handlers.security.ServletSecurityRoleHandler.handleRequest(ServletSecurityRoleHandler.java:62)
	at io.undertow.servlet.handlers.ServletChain$1.handleRequest(ServletChain.java:68)
	at io.undertow.servlet.handlers.ServletDispatchingHandler.handleRequest(ServletDispatchingHandler.java:36)
	at io.undertow.servlet.handlers.security.SSLInformationAssociationHandler.handleRequest(SSLInformationAssociationHandler.java:132)
	at io.undertow.servlet.handlers.security.ServletAuthenticationCallHandler.handleRequest(ServletAuthenticationCallHandler.java:57)
	at io.undertow.server.handlers.PredicateHandler.handleRequest(PredicateHandler.java:43)
	at io.undertow.security.handlers.AbstractConfidentialityHandler.handleRequest(AbstractConfidentialityHandler.java:46)
	at io.undertow.servlet.handlers.security.ServletConfidentialityConstraintHandler.handleRequest(ServletConfidentialityConstraintHandler.java:64)
	at io.undertow.security.handlers.AuthenticationMechanismsHandler.handleRequest(AuthenticationMechanismsHandler.java:60)
	at io.undertow.servlet.handlers.security.CachedAuthenticatedSessionHandler.handleRequest(CachedAuthenticatedSessionHandler.java:77)
	at io.undertow.security.handlers.AbstractSecurityContextAssociationHandler.handleRequest(AbstractSecurityContextAssociationHandler.java:43)
	at io.undertow.server.handlers.PredicateHandler.handleRequest(PredicateHandler.java:43)
	at io.undertow.server.handlers.PredicateHandler.handleRequest(PredicateHandler.java:43)
	at io.undertow.servlet.handlers.SessionRestoringHandler.handleRequest(SessionRestoringHandler.java:119)
	at io.undertow.servlet.handlers.ServletInitialHandler.handleFirstRequest(ServletInitialHandler.java:292)
	at io.undertow.servlet.handlers.ServletInitialHandler.access$100(ServletInitialHandler.java:81)
	at io.undertow.servlet.handlers.ServletInitialHandler$2.call(ServletInitialHandler.java:138)
	at io.undertow.servlet.handlers.ServletInitialHandler$2.call(ServletInitialHandler.java:135)
	at io.undertow.servlet.core.ServletRequestContextThreadSetupAction$1.call(ServletRequestContextThreadSetupAction.java:48)
	at io.undertow.servlet.core.ContextClassLoaderSetupAction$1.call(ContextClassLoaderSetupAction.java:43)
	at io.undertow.servlet.handlers.ServletInitialHandler.dispatchRequest(ServletInitialHandler.java:272)
	at io.undertow.servlet.handlers.ServletInitialHandler.access$000(ServletInitialHandler.java:81)
	at io.undertow.servlet.handlers.ServletInitialHandler$1.handleRequest(ServletInitialHandler.java:104)
	at io.undertow.server.Connectors.executeRootHandler(Connectors.java:360)
	at io.undertow.server.HttpServerExchange$1.run(HttpServerExchange.java:830)
	at java.util.concurrent.ThreadPoolExecutor.runWorker(ThreadPoolExecutor.java:1149)
	at java.util.concurrent.ThreadPoolExecutor$Worker.run(ThreadPoolExecutor.java:624)
	at java.lang.Thread.run(Thread.java:748)
Caused by: com.jfinal.plugin.activerecord.ActiveRecordException: com.mysql.jdbc.exceptions.jdbc4.MySQLSyntaxErrorException: Table 'moshi.sensitive_words' doesn't exist
	at com.jfinal.plugin.activerecord.DbPro.find(DbPro.java:345)
	at io.jboot.db.dbpro.JbootDbPro.find(JbootDbPro.java:42)
	at com.jfinal.plugin.activerecord.DbPro.find(DbPro.java:356)
	at com.jfinal.plugin.activerecord.Db.find(Db.java:279)
	at com.moshi.common.kit.SensitiveWordsKit.build(SensitiveWordsKit.java:32)
	at com.moshi.common.kit.SensitiveWordsKit.<clinit>(SensitiveWordsKit.java:28)
	... 56 more
Caused by: com.mysql.jdbc.exceptions.jdbc4.MySQLSyntaxErrorException: Table 'moshi.sensitive_words' doesn't exist
	at sun.reflect.NativeConstructorAccessorImpl.newInstance0(Native Method)
	at sun.reflect.NativeConstructorAccessorImpl.newInstance(NativeConstructorAccessorImpl.java:62)
	at sun.reflect.DelegatingConstructorAccessorImpl.newInstance(DelegatingConstructorAccessorImpl.java:45)
	at java.lang.reflect.Constructor.newInstance(Constructor.java:423)
	at com.mysql.jdbc.Util.handleNewInstance(Util.java:425)
	at com.mysql.jdbc.Util.getInstance(Util.java:408)
	at com.mysql.jdbc.SQLError.createSQLException(SQLError.java:944)
	at com.mysql.jdbc.MysqlIO.checkErrorPacket(MysqlIO.java:3976)
	at com.mysql.jdbc.MysqlIO.checkErrorPacket(MysqlIO.java:3912)
	at com.mysql.jdbc.MysqlIO.sendCommand(MysqlIO.java:2530)
	at com.mysql.jdbc.MysqlIO.sqlQueryDirect(MysqlIO.java:2683)
	at com.mysql.jdbc.ConnectionImpl.execSQL(ConnectionImpl.java:2486)
	at com.mysql.jdbc.PreparedStatement.executeInternal(PreparedStatement.java:1858)
	at com.mysql.jdbc.PreparedStatement.executeQuery(PreparedStatement.java:1966)
	at com.zaxxer.hikari.pool.ProxyPreparedStatement.executeQuery(ProxyPreparedStatement.java:52)
	at com.zaxxer.hikari.pool.HikariProxyPreparedStatement.executeQuery(HikariProxyPreparedStatement.java)
	at com.jfinal.plugin.activerecord.DbPro.find(DbPro.java:330)
	at com.jfinal.plugin.activerecord.DbPro.find(DbPro.java:343)
	... 61 more

2019-01-31 21:08:42
[ERROR]-[Thread: XNIO-1 task-2]-[io.undertow.servlet.api.LoggingExceptionHandler.handleThrowable()]: UT005023: Exception handling request to /admin/account/update
java.lang.ExceptionInInitializerError
	at com.moshi._admin.account.AccountUpdateValidator.validate(AccountUpdateValidator.java:21)
	at com.jfinal.validate.Validator.intercept(Validator.java:77)
	at com.jfinal.aop.Invocation.invoke(Invocation.java:69)
	at com.moshi._admin.auth.AdminAuthInterceptor.intercept(AdminAuthInterceptor.java:50)
	at com.jfinal.aop.Invocation.invoke(Invocation.java:69)
	at com.moshi.common.interceptor.LoginSessionInterceptor.intercept(LoginSessionInterceptor.java:36)
	at com.jfinal.aop.Invocation.invoke(Invocation.java:69)
	at io.jboot.web.fixedinterceptor.FixedInvocation.invoke(FixedInvocation.java:46)
	at io.jboot.support.metric.JbootMetricInterceptor.intercept(JbootMetricInterceptor.java:40)
	at io.jboot.web.fixedinterceptor.FixedInvocation.invoke(FixedInvocation.java:44)
	at io.jboot.support.shiro.JbootShiroInterceptor.intercept(JbootShiroInterceptor.java:33)
	at io.jboot.web.fixedinterceptor.FixedInvocation.invoke(FixedInvocation.java:44)
	at io.jboot.support.jwt.JwtInterceptor.intercept(JwtInterceptor.java:49)
	at io.jboot.web.fixedinterceptor.FixedInvocation.invoke(FixedInvocation.java:44)
	at io.jboot.web.validate.ParaValidateInterceptor.intercept(ParaValidateInterceptor.java:54)
	at io.jboot.web.fixedinterceptor.FixedInvocation.invoke(FixedInvocation.java:44)
	at io.jboot.web.cors.CORSInterceptor.intercept(CORSInterceptor.java:56)
	at io.jboot.web.fixedinterceptor.FixedInvocation.invoke(FixedInvocation.java:44)
	at io.jboot.web.handler.JbootActionHandler.invokeInvocation(JbootActionHandler.java:185)
	at io.jboot.web.handler.JbootActionHandler.handle(JbootActionHandler.java:88)
	at io.jboot.web.handler.JbootHandler.doHandle(JbootHandler.java:54)
	at io.jboot.web.handler.JbootHandler.handle(JbootHandler.java:42)
	at io.jboot.web.cache.ActionCacheHandler.handle(ActionCacheHandler.java:64)
	at io.jboot.web.handler.JbootFilterHandler.handle(JbootFilterHandler.java:45)
	at com.jfinal.core.JFinalFilter.doFilter(JFinalFilter.java:86)
	at io.undertow.servlet.core.ManagedFilter.doFilter(ManagedFilter.java:61)
	at io.undertow.servlet.handlers.FilterHandler$FilterChainImpl.doFilter(FilterHandler.java:131)
	at io.undertow.servlet.handlers.FilterHandler.handleRequest(FilterHandler.java:84)
	at io.undertow.servlet.handlers.security.ServletSecurityRoleHandler.handleRequest(ServletSecurityRoleHandler.java:62)
	at io.undertow.servlet.handlers.ServletChain$1.handleRequest(ServletChain.java:68)
	at io.undertow.servlet.handlers.ServletDispatchingHandler.handleRequest(ServletDispatchingHandler.java:36)
	at io.undertow.servlet.handlers.security.SSLInformationAssociationHandler.handleRequest(SSLInformationAssociationHandler.java:132)
	at io.undertow.servlet.handlers.security.ServletAuthenticationCallHandler.handleRequest(ServletAuthenticationCallHandler.java:57)
	at io.undertow.server.handlers.PredicateHandler.handleRequest(PredicateHandler.java:43)
	at io.undertow.security.handlers.AbstractConfidentialityHandler.handleRequest(AbstractConfidentialityHandler.java:46)
	at io.undertow.servlet.handlers.security.ServletConfidentialityConstraintHandler.handleRequest(ServletConfidentialityConstraintHandler.java:64)
	at io.undertow.security.handlers.AuthenticationMechanismsHandler.handleRequest(AuthenticationMechanismsHandler.java:60)
	at io.undertow.servlet.handlers.security.CachedAuthenticatedSessionHandler.handleRequest(CachedAuthenticatedSessionHandler.java:77)
	at io.undertow.security.handlers.AbstractSecurityContextAssociationHandler.handleRequest(AbstractSecurityContextAssociationHandler.java:43)
	at io.undertow.server.handlers.PredicateHandler.handleRequest(PredicateHandler.java:43)
	at io.undertow.server.handlers.PredicateHandler.handleRequest(PredicateHandler.java:43)
	at io.undertow.servlet.handlers.SessionRestoringHandler.handleRequest(SessionRestoringHandler.java:119)
	at io.undertow.servlet.handlers.ServletInitialHandler.handleFirstRequest(ServletInitialHandler.java:292)
	at io.undertow.servlet.handlers.ServletInitialHandler.access$100(ServletInitialHandler.java:81)
	at io.undertow.servlet.handlers.ServletInitialHandler$2.call(ServletInitialHandler.java:138)
	at io.undertow.servlet.handlers.ServletInitialHandler$2.call(ServletInitialHandler.java:135)
	at io.undertow.servlet.core.ServletRequestContextThreadSetupAction$1.call(ServletRequestContextThreadSetupAction.java:48)
	at io.undertow.servlet.core.ContextClassLoaderSetupAction$1.call(ContextClassLoaderSetupAction.java:43)
	at io.undertow.servlet.handlers.ServletInitialHandler.dispatchRequest(ServletInitialHandler.java:272)
	at io.undertow.servlet.handlers.ServletInitialHandler.access$000(ServletInitialHandler.java:81)
	at io.undertow.servlet.handlers.ServletInitialHandler$1.handleRequest(ServletInitialHandler.java:104)
	at io.undertow.server.Connectors.executeRootHandler(Connectors.java:360)
	at io.undertow.server.HttpServerExchange$1.run(HttpServerExchange.java:830)
	at java.util.concurrent.ThreadPoolExecutor.runWorker(ThreadPoolExecutor.java:1149)
	at java.util.concurrent.ThreadPoolExecutor$Worker.run(ThreadPoolExecutor.java:624)
	at java.lang.Thread.run(Thread.java:748)
Caused by: com.jfinal.plugin.activerecord.ActiveRecordException: com.mysql.jdbc.exceptions.jdbc4.MySQLSyntaxErrorException: Table 'moshi.sensitive_words' doesn't exist
	at com.jfinal.plugin.activerecord.DbPro.find(DbPro.java:345)
	at io.jboot.db.dbpro.JbootDbPro.find(JbootDbPro.java:42)
	at com.jfinal.plugin.activerecord.DbPro.find(DbPro.java:356)
	at com.jfinal.plugin.activerecord.Db.find(Db.java:279)
	at com.moshi.common.kit.SensitiveWordsKit.build(SensitiveWordsKit.java:32)
	at com.moshi.common.kit.SensitiveWordsKit.<clinit>(SensitiveWordsKit.java:28)
	... 56 more
Caused by: com.mysql.jdbc.exceptions.jdbc4.MySQLSyntaxErrorException: Table 'moshi.sensitive_words' doesn't exist
	at sun.reflect.NativeConstructorAccessorImpl.newInstance0(Native Method)
	at sun.reflect.NativeConstructorAccessorImpl.newInstance(NativeConstructorAccessorImpl.java:62)
	at sun.reflect.DelegatingConstructorAccessorImpl.newInstance(DelegatingConstructorAccessorImpl.java:45)
	at java.lang.reflect.Constructor.newInstance(Constructor.java:423)
	at com.mysql.jdbc.Util.handleNewInstance(Util.java:425)
	at com.mysql.jdbc.Util.getInstance(Util.java:408)
	at com.mysql.jdbc.SQLError.createSQLException(SQLError.java:944)
	at com.mysql.jdbc.MysqlIO.checkErrorPacket(MysqlIO.java:3976)
	at com.mysql.jdbc.MysqlIO.checkErrorPacket(MysqlIO.java:3912)
	at com.mysql.jdbc.MysqlIO.sendCommand(MysqlIO.java:2530)
	at com.mysql.jdbc.MysqlIO.sqlQueryDirect(MysqlIO.java:2683)
	at com.mysql.jdbc.ConnectionImpl.execSQL(ConnectionImpl.java:2486)
	at com.mysql.jdbc.PreparedStatement.executeInternal(PreparedStatement.java:1858)
	at com.mysql.jdbc.PreparedStatement.executeQuery(PreparedStatement.java:1966)
	at com.zaxxer.hikari.pool.ProxyPreparedStatement.executeQuery(ProxyPreparedStatement.java:52)
	at com.zaxxer.hikari.pool.HikariProxyPreparedStatement.executeQuery(HikariProxyPreparedStatement.java)
	at com.jfinal.plugin.activerecord.DbPro.find(DbPro.java:330)
	at com.jfinal.plugin.activerecord.DbPro.find(DbPro.java:343)
	... 61 more
