
2019-03-18 16:36:47
[ERROR]-[Thread: main]-[io.jboot.core.listener.JbootAppListenerManager.onStart()]: java.lang.ExceptionInInitializerError
java.lang.ExceptionInInitializerError
	at com.moshi.srv.v1.im.ImServerEndPoint$1.getListener(ImServerEndPoint.java:45)
	at com.moshi.common.socketio.MoshiSocketIOServer.start(MoshiSocketIOServer.java:31)
	at com.moshi._App.onStart(App.java:78)
	at io.jboot.core.listener.JbootAppListenerManager.onStart(JbootAppListenerManager.java:170)
	at io.jboot.core.JbootCoreConfig.onStart(JbootCoreConfig.java:234)
	at com.jfinal.core.JFinalFilter.init(JFinalFilter.java:71)
	at io.undertow.servlet.core.LifecyleInterceptorInvocation.proceed(LifecyleInterceptorInvocation.java:111)
	at io.undertow.servlet.core.ManagedFilter.createFilter(ManagedFilter.java:80)
	at io.undertow.servlet.core.DeploymentManagerImpl$2.call(DeploymentManagerImpl.java:589)
	at io.undertow.servlet.core.DeploymentManagerImpl$2.call(DeploymentManagerImpl.java:554)
	at io.undertow.servlet.core.ServletRequestContextThreadSetupAction$1.call(ServletRequestContextThreadSetupAction.java:42)
	at io.undertow.servlet.core.ContextClassLoaderSetupAction$1.call(ContextClassLoaderSetupAction.java:43)
	at io.undertow.servlet.core.DeploymentManagerImpl.start(DeploymentManagerImpl.java:596)
	at com.jfinal.server.undertow.UndertowServer.configHttp(UndertowServer.java:277)
	at com.jfinal.server.undertow.UndertowServer.doStart(UndertowServer.java:255)
	at com.jfinal.server.undertow.UndertowServer.start(UndertowServer.java:152)
	at io.jboot.app.JbootApplication.start(JbootApplication.java:40)
	at io.jboot.app.JbootApplication.run(JbootApplication.java:36)
	at com.moshi._App.main(App.java:34)
Caused by: java.lang.IllegalStateException: refreshAfterWrite requires a LoadingCache
	at com.github.benmanes.caffeine.cache.Caffeine.requireState(Caffeine.java:194)
	at com.github.benmanes.caffeine.cache.Caffeine.requireNonLoadingCache(Caffeine.java:1059)
	at com.github.benmanes.caffeine.cache.Caffeine.build(Caffeine.java:931)
	at com.moshi.srv.v1.im.ImListener.<clinit>(ImListener.java:42)
	... 19 more

2019-03-18 16:44:02
[ERROR]-[Thread: Thread-2]-[io.jboot.core.listener.JbootAppListenerManager.onStop()]: java.lang.NullPointerException
java.lang.NullPointerException
	at com.corundumstudio.socketio.SocketIOServer.stop(SocketIOServer.java:192)
	at com.moshi.common.socketio.MoshiSocketIOServer.stop(MoshiSocketIOServer.java:57)
	at com.moshi._App.onStop(App.java:83)
	at io.jboot.core.listener.JbootAppListenerManager.onStop(JbootAppListenerManager.java:181)
	at io.jboot.core.JbootCoreConfig.onStop(JbootCoreConfig.java:250)
	at com.jfinal.core.JFinalFilter.destroy(JFinalFilter.java:107)
	at io.undertow.servlet.core.LifecyleInterceptorInvocation.proceed(LifecyleInterceptorInvocation.java:109)
	at io.undertow.servlet.core.ManagedFilter.stop(ManagedFilter.java:97)
	at io.undertow.servlet.core.DeploymentManagerImpl$3.call(DeploymentManagerImpl.java:612)
	at io.undertow.servlet.core.DeploymentManagerImpl$3.call(DeploymentManagerImpl.java:607)
	at io.undertow.servlet.core.ServletRequestContextThreadSetupAction$1.call(ServletRequestContextThreadSetupAction.java:42)
	at io.undertow.servlet.core.ContextClassLoaderSetupAction$1.call(ContextClassLoaderSetupAction.java:43)
	at io.undertow.servlet.core.DeploymentManagerImpl.stop(DeploymentManagerImpl.java:621)
	at com.jfinal.server.undertow.UndertowServer.doStop(UndertowServer.java:389)
	at io.jboot.app.undertow.JbootUndertowServer.doStop(JbootUndertowServer.java:32)
	at com.jfinal.server.undertow.UndertowServer.stop(UndertowServer.java:368)
	at com.jfinal.server.undertow.UndertowServer$1.run(UndertowServer.java:163)
